<?xml version="1.0" encoding="UTF-8"?>
<!-- Generated by org.testng.reporters.JUnitReportReporter -->
<testsuite skipped="0" hostname="MSI" name="testNG.AssertionsExamples" tests="1" failures="0" timestamp="2020-02-11T17:07:30 IST" time="0.009" errors="0">
  <testcase name="checkequal" time="0.009" classname="testNG.AssertionsExamples"/>
</testsuite> <!-- testNG.AssertionsExamples -->
