<?xml version="1.0" encoding="UTF-8"?>
<!-- Generated by org.testng.reporters.JUnitReportReporter -->
<testsuite skipped="1" hostname="MSI" name="testNG.SkipATestcases" tests="6" failures="0" timestamp="2020-02-11T14:54:00 IST" time="0.002" errors="0">
  <testcase name="starttheCar" time="0.000" classname="testNG.SkipATestcases"/>
  <testcase name="putfirstGear" time="0.000" classname="testNG.SkipATestcases"/>
  <testcase name="putthirdGear" time="0.001" classname="testNG.SkipATestcases"/>
  <testcase name="putforthGear" time="0.001" classname="testNG.SkipATestcases"/>
  <testcase name="putfifthGear" time="0.000" classname="testNG.SkipATestcases"/>
  <testcase name="turnthemusic" classname="testNG.SkipATestcases">
    <skipped/>
  </testcase> <!-- turnthemusic -->
</testsuite> <!-- testNG.SkipATestcases -->
