<?xml version="1.0" encoding="UTF-8"?>
<!-- Generated by org.testng.reporters.JUnitReportReporter -->
<testsuite skipped="0" hostname="MSI" name="testNG.ParallelTest" tests="2" failures="0" timestamp="2020-02-12T16:11:12 IST" time="7.645" errors="0">
  <testcase name="openbing" time="3.495" classname="testNG.ParallelTest"/>
  <testcase name="opengoogle" time="4.150" classname="testNG.ParallelTest"/>
</testsuite> <!-- testNG.ParallelTest -->
