<?xml version="1.0" encoding="UTF-8"?>
<!-- Generated by org.testng.reporters.JUnitReportReporter -->
<testsuite skipped="0" hostname="MSI" name="testNG.Anotationhierachy1" tests="2" failures="0" timestamp="2020-02-12T11:43:52 IST" time="0.007" errors="0">
  <testcase name="test2" time="0.001" classname="testNG.Anotationhierachy1"/>
  <testcase name="test" time="0.006" classname="testNG.Anotationhierachy1"/>
</testsuite> <!-- testNG.Anotationhierachy1 -->
