<?xml version="1.0" encoding="UTF-8"?>
<!-- Generated by org.testng.reporters.JUnitReportReporter -->
<testsuite skipped="0" hostname="MSI" name="testNG.SuiteExample" tests="3" failures="0" timestamp="2020-02-11T14:20:10 IST" time="21.241" errors="0">
  <testcase name="openbing" time="0.926" classname="testNG.SuiteExample"/>
  <testcase name="openyahoo" time="17.376" classname="testNG.SuiteExample"/>
  <testcase name="opengoogle" time="2.939" classname="testNG.SuiteExample"/>
</testsuite> <!-- testNG.SuiteExample -->
