<?xml version="1.0" encoding="UTF-8"?>
<!-- Generated by org.testng.reporters.JUnitReportReporter -->
<testsuite skipped="0" hostname="MSI" name="testNG.Parameterization" tests="1" failures="0" timestamp="2020-02-11T16:44:54 IST" time="0.010" errors="0">
  <testcase name="printName" time="0.010" classname="testNG.Parameterization"/>
</testsuite> <!-- testNG.Parameterization -->
