<?xml version="1.0" encoding="UTF-8"?>
<!-- Generated by org.testng.reporters.JUnitReportReporter -->
<testsuite skipped="0" hostname="MSI" name="testNG.GroupingTestCases" tests="4" failures="0" timestamp="2020-02-11T15:58:55 IST" time="0.008" errors="0">
  <testcase name="oneplus1" time="0.006" classname="testNG.GroupingTestCases"/>
  <testcase name="samsung1" time="0.000" classname="testNG.GroupingTestCases"/>
  <testcase name="onuplus2" time="0.001" classname="testNG.GroupingTestCases"/>
  <testcase name="samsung2" time="0.001" classname="testNG.GroupingTestCases"/>
</testsuite> <!-- testNG.GroupingTestCases -->
