<?xml version="1.0" encoding="UTF-8"?>
<!-- Generated by org.testng.reporters.JUnitReportReporter -->
<testsuite skipped="0" hostname="MSI" name="testNG.SampleTestCase" tests="4" failures="0" timestamp="2020-02-26T00:52:19 IST" time="0.008" errors="0">
  <testcase name="fourthTestcase" time="0.001" classname="testNG.SampleTestCase"/>
  <testcase name="secondTestcase" time="0.000" classname="testNG.SampleTestCase"/>
  <testcase name="firstTestcase" time="0.006" classname="testNG.SampleTestCase"/>
  <testcase name="thirdTestcase" time="0.001" classname="testNG.SampleTestCase"/>
</testsuite> <!-- testNG.SampleTestCase -->
