<?xml version="1.0" encoding="UTF-8"?>
<!-- Generated by org.testng.reporters.JUnitReportReporter -->
<testsuite skipped="0" hostname="MSI" name="testNG.TestNG.AnnotationHierachy" tests="2" failures="0" timestamp="2020-02-11T19:05:03 IST" time="0.011" errors="0">
  <testcase name="test2" time="0.002" classname="testNG.TestNG.AnnotationHierachy"/>
  <testcase name="test" time="0.009" classname="testNG.TestNG.AnnotationHierachy"/>
</testsuite> <!-- testNG.TestNG.AnnotationHierachy -->
