<?xml version="1.0" encoding="UTF-8"?>
<!-- Generated by org.testng.reporters.JUnitReportReporter -->
<testsuite skipped="0" hostname="MSI" name="testNG.DependanciesManagement" tests="3" failures="0" timestamp="2020-02-11T14:54:00 IST" time="0.008" errors="0">
  <testcase name="secondaryschool" time="0.006" classname="testNG.DependanciesManagement"/>
  <testcase name="highschool" time="0.001" classname="testNG.DependanciesManagement"/>
  <testcase name="engineering" time="0.001" classname="testNG.DependanciesManagement"/>
</testsuite> <!-- testNG.DependanciesManagement -->
